<?xml version="1.0" encoding="UTF-8"?>
<testsuite xmlns:xsi="http://www.w3.org/2001/XMLSchema-instance" xsi:noNamespaceSchemaLocation="https://maven.apache.org/surefire/maven-surefire-plugin/xsd/surefire-test-report-3.0.xsd" version="3.0" name="com.example.consumingwebservice.ConsumingWebServiceApplicationTests" time="3.099" tests="1" errors="0" skipped="0" failures="0">
  <properties>
[...]
</properties>
  <testcase name="contextLoads" classname="com.example.consumingwebservice.ConsumingWebServiceApplicationTests" time="0.865">
    <system-out><![CDATA[13:46:49.566 [main] INFO org.springframework.test.context.support.AnnotationConfigContextLoaderUtils -- Could not detect default configuration classes for test class [com.example.consumingwebservice.ConsumingWebServiceApplicationTests]: ConsumingWebServiceApplicationTests does not declare any static, non-private, non-final, nested classes annotated with @Configuration.
13:46:49.678 [main] INFO org.springframework.boot.test.context.SpringBootTestContextBootstrapper -- Found @SpringBootConfiguration com.example.consumingwebservice.ConsumingWebServiceApplication for test class com.example.consumingwebservice.ConsumingWebServiceApplicationTests

  .   ____          _            __ _ _
 /\\ / ___'_ __ _ _(_)_ __  __ _ \ \ \ \
( ( )\___ | '_ | '_| | '_ \/ _` | \ \ \ \
 \\/  ___)| |_)| | | | | || (_| |  ) ) ) )
  '  |____| .__|_| |_|_| |_\__, | / / / /
 =========|_|==============|___/=/_/_/_/
 :: Spring Boot ::                (v3.2.0)

2024-04-06T13:46:50.160+06:00  INFO 83149 --- [           main] .e.c.ConsumingWebServiceApplicationTests : Starting ConsumingWebServiceApplicationTests using Java 17.0.10 with PID 83149 (started by tileukhan in /Users/tileukhan/Desktop/Spring_2024/gs-consuming-web-service-main/initial)
2024-04-06T13:46:50.162+06:00  INFO 83149 --- [           main] .e.c.ConsumingWebServiceApplicationTests : No active profile set, falling back to 1 default profile: "default"
2024-04-06T13:46:51.115+06:00  WARN 83149 --- [           main] trationDelegate$BeanPostProcessorChecker : Bean 'org.springframework.ws.config.annotation.DelegatingWsConfiguration' of type [org.springframework.ws.config.annotation.DelegatingWsConfiguration$$SpringCGLIB$$0] is not eligible for getting processed by all BeanPostProcessors (for example: not eligible for auto-proxying). The currently created BeanPostProcessor [annotationActionEndpointMapping] is declared through a non-static factory method on that class; consider declaring it as static instead.
2024-04-06T13:46:51.170+06:00  INFO 83149 --- [           main] .w.s.a.s.AnnotationActionEndpointMapping : Supporting [WS-Addressing August 2004, WS-Addressing 1.0]
2024-04-06T13:46:51.547+06:00 DEBUG 83149 --- [           main] yloadRootAnnotationMethodEndpointMapping : Looking for endpoints in application context: org.springframework.web.context.support.GenericWebApplicationContext@73393584, started on Sat Apr 06 13:46:50 ALMT 2024
2024-04-06T13:46:51.550+06:00 DEBUG 83149 --- [           main] oapActionAnnotationMethodEndpointMapping : Looking for endpoints in application context: org.springframework.web.context.support.GenericWebApplicationContext@73393584, started on Sat Apr 06 13:46:50 ALMT 2024
2024-04-06T13:46:51.560+06:00 DEBUG 83149 --- [           main] o.s.w.s.e.a.DefaultMethodEndpointAdapter : No MethodArgumentResolvers set, using defaults: [org.springframework.ws.server.endpoint.adapter.method.dom.DomPayloadMethodProcessor@66de00f2, org.springframework.ws.server.endpoint.adapter.method.MessageContextMethodArgumentResolver@6c479fdf, org.springframework.ws.server.endpoint.adapter.method.SourcePayloadMethodProcessor@79d82f66, org.springframework.ws.server.endpoint.adapter.method.XPathParamMethodArgumentResolver@19b206ee, org.springframework.ws.soap.server.endpoint.adapter.method.SoapMethodArgumentResolver@ffd4cba, org.springframework.ws.soap.server.endpoint.adapter.method.SoapHeaderElementMethodArgumentResolver@5f1483fd, org.springframework.ws.server.endpoint.adapter.method.jaxb.XmlRootElementPayloadMethodProcessor@670f2466, org.springframework.ws.server.endpoint.adapter.method.jaxb.JaxbElementPayloadMethodProcessor@6e03db1f, org.springframework.ws.server.endpoint.adapter.method.StaxPayloadMethodArgumentResolver@bfec2f9]
2024-04-06T13:46:51.561+06:00 DEBUG 83149 --- [           main] o.s.w.s.e.a.DefaultMethodEndpointAdapter : No MethodReturnValueHandlers set, using defaults: [org.springframework.ws.server.endpoint.adapter.method.dom.DomPayloadMethodProcessor@708eb310, org.springframework.ws.server.endpoint.adapter.method.SourcePayloadMethodProcessor@6ebc9573, org.springframework.ws.server.endpoint.adapter.method.jaxb.XmlRootElementPayloadMethodProcessor@1e977098, org.springframework.ws.server.endpoint.adapter.method.jaxb.JaxbElementPayloadMethodProcessor@630390b9]
2024-04-06T13:46:51.582+06:00  INFO 83149 --- [           main] .e.c.ConsumingWebServiceApplicationTests : Started ConsumingWebServiceApplicationTests in 1.752 seconds (process running for 2.745)
]]></system-out>
  </testcase>
</testsuite>